C51 COMPILER V9.59.0.0   DEJA_VU                                                           11/23/2018 19:11:28 PAGE 1   


C51 COMPILER V9.59.0.0, COMPILATION OF MODULE DEJA_VU
OBJECT MODULE PLACED IN Deja_vu.obj
COMPILER INVOKED BY: C:\Keil_v5\C51\BIN\C51.EXE Deja_vu\Deja_vu.c OPTIMIZE(8,SPEED) INCDIR(.\ADC;.\Deja_vu;.\Global;.\in
                    -terrupt;.\Main;.\Motor;.\PWM;.\Timer;.\USART;..\DC_motors) DEBUG OBJECTEXTEND PRINT(.\Deja_vu.lst) TABS(2) OBJECT(Deja_v
                    -u.obj)

line level    source

   1          #include<DEJA_VU.H>
   2          #include"GLOBAL.H"
   3          #include"MOTOR.H"
   4          #include"PWM.H"
   5          
   6          void Deja_vu(void)
   7          {         
   8   1         switch(situation)                                         
   9   1         {
  10   2          //起动
  11   2          case 255:         //1111 1111
  12   2          {
  13   3             MotorL_setting(100,1);  
  14   3             MotorR_setting(100,1); 
  15   3           //goback = 0;            //不放置倒车标志位
  16   3           break; 
  17   3          }
  18   2          
  19   2          //停止
  20   2          
  21   2          case 0:
  22   2          {
  23   3           Motors_stop();
  24   3           //goback = 0;            //不放置倒车标志位
  25   3           break; 
  26   3          }
  27   2           
  28   2          //直行中调整
  29   2          //4灯情况
  30   2            case 60:          //0011 1100
  31   2          {
  32   3            MotorL_setting(100,1);
  33   3          MotorR_setting(100,1);
  34   3          //goback = 0;           //不放置倒车标志位
  35   3          }
  36   2          case 30:            //0001 1110
  37   2          {
  38   3             MotorL_setting(100,1);
  39   3           MotorR_setting(50,1);
  40   3           //goback = 0;            //不放置倒车标志位
  41   3          } 
  42   2          case 120:         //0111 1000
  43   2          {
  44   3            MotorL_setting(50,1);
  45   3          MotorR_setting(100,1);
  46   3          //goback = 0;           //不放置倒车标志位
  47   3          } 
  48   2      
  49   2          //3灯情况 
  50   2          case 28:                  //0001 1100
  51   2          {
  52   3             MotorL_setting(100,1);  
  53   3               MotorR_setting(80,1);  
C51 COMPILER V9.59.0.0   DEJA_VU                                                           11/23/2018 19:11:28 PAGE 2   

  54   3           //goback = 0;            //不放置倒车标志位
  55   3           break;        
  56   3          }                   
  57   2          case 56:                //0011 1000
  58   2          {
  59   3             MotorL_setting(80,1);   
  60   3               MotorR_setting(100,1); 
  61   3           //goback = 0;            //不放置倒车标志位
  62   3           break;       
  63   3          }
  64   2          case 14:              //0000 1110
  65   2          {
  66   3             MotorL_setting(100,1);  
  67   3               MotorR_setting(40,1);  
  68   3           //goback = 0;            //不放置倒车标志位
  69   3           break;      
  70   3          }
  71   2          case 112:             //0111 0000
  72   2          {
  73   3             MotorL_setting(40,1);   
  74   3               MotorR_setting(100,1); 
  75   3           //goback = 0;            //不放置倒车标志位
  76   3           break;       
  77   3          }
  78   2      
  79   2          //2灯情况
  80   2          case 18:                //0001 1000
  81   2          {
  82   3             MotorL_setting(100,1);  
  83   3               MotorR_setting(100,1); 
  84   3           //goback = 0;            //不放置倒车标志位
  85   3           break;      
  86   3          }
  87   2          case 24:                             //0000 1100
  88   2          {
  89   3             MotorL_setting(100,1);  
  90   3               MotorR_setting(60,1);  
  91   3           //goback = 0;            //不放置倒车标志位
  92   3           break;       
  93   3          }
  94   2          case 48:                //0011 0000
  95   2          {
  96   3             MotorL_setting(60,1);   
  97   3               MotorR_setting(100,1); 
  98   3           //goback = 0;            //不放置倒车标志位
  99   3           break;       
 100   3          }
 101   2          //1灯情况    
 102   2          case 8:                   //0000 1000
 103   2          {
 104   3             MotorL_setting(100,1);  
 105   3               MotorR_setting(80,1);  
 106   3           //goback = 0;            //不放置倒车标志位
 107   3           break;       
 108   3          }
 109   2          case 10:                    //0001 0000
 110   2          {
 111   3             MotorL_setting(80,1);   
 112   3               MotorR_setting(100,1); 
 113   3           //goback = 0;            //不放置倒车标志位
 114   3           break;    
 115   3          }
C51 COMPILER V9.59.0.0   DEJA_VU                                                           11/23/2018 19:11:28 PAGE 3   

 116   2      
 117   2          case 4:                   //0000 0100
 118   2          {
 119   3             MotorL_setting(100,1);  
 120   3               MotorR_setting(60,1);  
 121   3           //goback = 0;            //不放置倒车标志位            
 122   3           break;  
 123   3          }
 124   2          case 32:                      //0010 0000
 125   2          {
 126   3             MotorL_setting(60,1);   
 127   3               MotorR_setting(100,1); 
 128   3           //goback = 0;            //不放置倒车标志位
 129   3           break; 
 130   3          }
 131   2          //右转向
 132   2          
 133   2          case 240:               //1111 0000
 134   2          {
 135   3           MotorL_setting(50,0);   
 136   3               MotorR_setting(100,1); 
 137   3           //goback = 0;            //不放置倒车标志位
 138   3           break;         
 139   3          }
 140   2          
 141   2          case 224:               //1110 0000
 142   2          {
 143   3           MotorL_setting(75,0);   
 144   3               MotorR_setting(100,1); 
 145   3           //goback = 0;            //不放置倒车标志位
 146   3           break;       
 147   3          }
 148   2          
 149   2          case 192:               //1100 0000
 150   2          {
 151   3             MotorL_setting(100,0);  
 152   3               MotorR_setting(100,1); 
 153   3           //goback = 0;            //不放置倒车标志
 154   3           break;       
 155   3          }
 156   2          /*
 157   2          case 128:               //1000 0000
 158   2          {
 159   2             MotorL_setting(100,0);  
 160   2               MotorR_setting(100,1); 
 161   2           //goback = 0;            //不放置倒车标志
 162   2           break;       
 163   2          }
 164   2          */
 165   2          //左转向
 166   2          
 167   2          case 15:                //0000 1111
 168   2          {
 169   3           MotorL_setting(100,1);  
 170   3               MotorR_setting(50,0);  
 171   3           //goback = 0;            //不放置倒车标志位
 172   3           break;         
 173   3          }
 174   2          
 175   2          case 7:               //0000 0111
 176   2          {
 177   3             
C51 COMPILER V9.59.0.0   DEJA_VU                                                           11/23/2018 19:11:28 PAGE 4   

 178   3           MotorL_setting(100,1);  
 179   3               MotorR_setting(75,0);  
 180   3               //goback = 0;            //不放置倒车标志 
 181   3           break;       
 182   3          }
 183   2          
 184   2          case 195:               //0000 0011
 185   2          {
 186   3             MotorL_setting(100,1);  
 187   3               MotorR_setting(100,0); 
 188   3           //goback = 0;            //不放置倒车标志
 189   3           break;       
 190   3          }
 191   2          /*
 192   2          case 1:               //0000 0001
 193   2          {
 194   2             MotorL_setting(100,1);  
 195   2               MotorR_setting(100,0); 
 196   2           //goback = 0
 197   2           break;       
 198   2          }
 199   2          */
 200   2           }
 201   1         pwms_enable();         //PWM设定生效
 202   1      }


MODULE INFORMATION:   STATIC OVERLAYABLE
   CODE SIZE        =    331    ----
   CONSTANT SIZE    =   ----    ----
   XDATA SIZE       =   ----    ----
   PDATA SIZE       =   ----    ----
   DATA SIZE        =   ----    ----
   IDATA SIZE       =   ----    ----
   BIT SIZE         =   ----    ----
END OF MODULE INFORMATION.


C51 COMPILATION COMPLETE.  0 WARNING(S),  0 ERROR(S)
