C51 COMPILER V9.54   GLOBAL                                                                11/25/2018 17:51:06 PAGE 1   


C51 COMPILER V9.54, COMPILATION OF MODULE GLOBAL
OBJECT MODULE PLACED IN Global.obj
COMPILER INVOKED BY: C:\Keil_v4\C51\BIN\C51.EXE Global\Global.c OPTIMIZE(0,SPEED) BROWSE INCDIR(.\ADC;.\Deja_vu;.\Global
                    -;.\interrupt;.\Main;.\Motor;.\PWM;.\Timer;.\USART;..\DC_motors;.\Task;.\Buzzer;.\LED) DEFINE(DEBUG) DEBUG OBJECTEXTEND P
                    -RINT(.\Global.lst) TABS(2) OBJECT(Global.obj)

line level    source

   1          #include<GLOBAL.H>
   2          
   3          
   4          /***** 全局变量 *****/
   5          uchar code gray[8] = {0xe0,0xe0,0xe0,0xe0,0xe0,0xe0,0xe0,0xe0};
   6          uchar channel = 0;     //ADC通道号
   7          uchar situation;       //各种循迹情况
   8          uchar receive;         //串口接收数据
   9          uchar goback;          //倒车标志
  10          uchar adc[8];          //ADC原始数据存放数组
  11          uchar daten;           //处理后数据
  12          uchar p1[8];           //处理后数据存放数组
  13          bit busy;              //串口忙碌标志    
  14          
  15          /***** 全局函数 *****/                       
  16          void GPIO_init(void)      
  17          {
  18   1          P0M0 = 0x00;
  19   1          P0M1 = 0x00;
  20   1          P1M0 = 0x00;        
  21   1          P1M1 = 0x00;
  22   1          P2M0 = 0x00;
  23   1          P2M1 = 0x00;
  24   1          P3M0 = 0x00;
  25   1          P3M1 = 0x00;
  26   1          P4M0 = 0x00;
  27   1          P4M1 = 0x00;
  28   1      }
  29          
  30          /*----------------------------
  31          软件延时
  32          ----------------------------*/
  33          void Delay(uint n)  //延时n毫秒
  34          {
  35   1          uint x;
  36   1      
  37   1          while (n--)
  38   1          {
  39   2              x = 5000;
  40   2              while (x--);
  41   2          }
  42   1      }


MODULE INFORMATION:   STATIC OVERLAYABLE
   CODE SIZE        =     76    ----
   CONSTANT SIZE    =      8    ----
   XDATA SIZE       =   ----    ----
   PDATA SIZE       =   ----    ----
   DATA SIZE        =     25    ----
   IDATA SIZE       =   ----    ----
   BIT SIZE         =      1    ----
END OF MODULE INFORMATION.

C51 COMPILER V9.54   GLOBAL                                                                11/25/2018 17:51:06 PAGE 2   


C51 COMPILATION COMPLETE.  0 WARNING(S),  0 ERROR(S)
