C51 COMPILER V9.54   INTERRUPT                                                             11/25/2018 17:51:06 PAGE 1   


C51 COMPILER V9.54, COMPILATION OF MODULE INTERRUPT
OBJECT MODULE PLACED IN interrupt.obj
COMPILER INVOKED BY: C:\Keil_v4\C51\BIN\C51.EXE interrupt\interrupt.c OPTIMIZE(0,SPEED) BROWSE INCDIR(.\ADC;.\Deja_vu;.\
                    -Global;.\interrupt;.\Main;.\Motor;.\PWM;.\Timer;.\USART;..\DC_motors;.\Task;.\Buzzer;.\LED) DEFINE(DEBUG) DEBUG OBJECTEX
                    -TEND PRINT(.\interrupt.lst) TABS(2) OBJECT(interrupt.obj)

line level    source

   1          #include "DEJA_VU.H"
   2          #include "GLOBAL.H"
   3          #include "USART.H"
   4          #include "MOTOR.H"
   5          #include "PWM.H"
   6          #include "ADC.H"
   7          #include "Motors_Break.h"
   8          #include "Buzzer.h"
   9          #include "Task.h"
  10          #include "LED.h"
  11          #include "stdio.h"
  12          
  13          void Interrupt_init(void)
  14          {
  15   1        ET0 = 1;       //定时器0中断允许
  16   1        
  17   1         
  18   1        #ifndef DEBUG
                ES = 1;        //使能串口中断
                #endif
  21   1          
  22   1        EA = 1;        //总中断打开
  23   1      }
  24          
  25          /*----------------------------
  26          定时器0中断函数
  27          ----------------------------*/
  28          void Timer0_routine(void) interrupt 1 using 0
  29          {   
  30   1      
  31   1          unsigned char i = 0;
  32   1      
  33   1          // 读取八路灰度传感器的ADC数据
  34   1          for (i = 0; i < 8; i++)adc[i] = ADC_Get_Channel_Data(i);
  35   1      
  36   1          //数据处理 
  37   1        Data_processing();    
  38   1      
  39   1          // 显示LED光条
  40   1          LED_Line_Show(situation);
  41   1      
  42   1      #ifdef DEBUG    
  43   1          printf("%d\n", (int)situation);
  44   1      #endif
  45   1          // 任务处理函数
  46   1          Task_Timer_Handle();
  47   1      
  48   1          // 运行小车倒退修正机制处理函数
  49   1          Motors_Break_Timer_Handle();        
  50   1      
  51   1          // 如果倒退修正机制不在运行
  52   1          if(Motors_Break_Is_Ok())
  53   1          {
C51 COMPILER V9.54   INTERRUPT                                                             11/25/2018 17:51:06 PAGE 2   

  54   2              W_LED_OFF();
  55   2              //循迹机制处理函数 
  56   2              Tracing_Timer_Handle();        
  57   2          }
  58   1          else
  59   1          {
  60   2              W_LED_ON();
  61   2          }
  62   1      
  63   1          // 蜂鸣器处理函数
  64   1          Buzzer_Timer_Handle();              
  65   1        
  66   1      
  67   1      }
  68          
  69          
  70          /*----------------------------
  71          UART 中断服务程序
  72          -----------------------------*/
  73          
  74          #ifndef DEBUG
              void Usart(void) interrupt 4 using 2
              {
                  if (RI)
                  {
                      RI = 0;                 //清除RI位
                  }
                  if (TI)
                  {
                      TI = 0;                 //清除TI位
                      busy = 0;               //清忙标志
                  }
              }
              
              #endif


MODULE INFORMATION:   STATIC OVERLAYABLE
   CODE SIZE        =    110    ----
   CONSTANT SIZE    =      4    ----
   XDATA SIZE       =   ----    ----
   PDATA SIZE       =   ----    ----
   DATA SIZE        =      1    ----
   IDATA SIZE       =   ----    ----
   BIT SIZE         =   ----    ----
END OF MODULE INFORMATION.


C51 COMPILATION COMPLETE.  0 WARNING(S),  0 ERROR(S)
