C51 COMPILER V9.54   MAIN                                                                  11/25/2018 07:37:22 PAGE 1   


C51 COMPILER V9.54, COMPILATION OF MODULE MAIN
OBJECT MODULE PLACED IN main.obj
COMPILER INVOKED BY: C:\Keil_v4\C51\BIN\C51.EXE Main\main.c OPTIMIZE(3,SPEED) BROWSE INCDIR(.\ADC;.\Deja_vu;.\Global;.\i
                    -nterrupt;.\Main;.\Motor;.\PWM;.\Timer;.\USART;..\DC_motors;.\Task;.\Buzzer;.\LED) DEFINE(DEBUG) DEBUG OBJECTEXTEND PRINT
                    -(.\main.lst) TABS(2) OBJECT(main.obj)

line level    source

   1          #include"INTERRUPT.H"
   2          #include"GLOBAL.H"
   3          #include"USART.H"
   4          #include"TIMER.H"
   5          #include"MOTOR.H"
   6          #include"ADC.H"
   7          #include"PWM.H"
   8          #include "Buzzer.h"
   9          #include  "stdio.h"
  10          /***** 主函数 *****/
  11          void main()
  12          {           
  13   1        GPIO_init();                  // 初始化引脚 
  14   1        Buzzer_Init();                        // 初始化蜂鸣器
  15   1        Usart_init();                 // 初始化串口
  16   1        Interrupt_init();                 // 初始化中断 
  17   1        
  18   1          //printf("Sys_Init\r\n");
  19   1        
  20   1        // 蜂鸣器短鸣
  21   1        Buzzer_Tweet(BUZZER_SHORT_TWEET_TIME);
  22   1        
  23   1        Timers_init();              // 定时器初始化
  24   1        ADC_init();                 // 初始化ADC
  25   1        
  26   1        while(1)
  27   1        {
  28   2          // ADC结果读取
  29   2          //ADCResult_getting();  
  30   2        }
  31   1         
  32   1      } 
  33           


MODULE INFORMATION:   STATIC OVERLAYABLE
   CODE SIZE        =     26    ----
   CONSTANT SIZE    =   ----    ----
   XDATA SIZE       =   ----    ----
   PDATA SIZE       =   ----    ----
   DATA SIZE        =   ----    ----
   IDATA SIZE       =   ----    ----
   BIT SIZE         =   ----    ----
END OF MODULE INFORMATION.


C51 COMPILATION COMPLETE.  0 WARNING(S),  0 ERROR(S)
