C51 COMPILER V9.54   MOTOR                                                                 11/25/2018 17:51:07 PAGE 1   


C51 COMPILER V9.54, COMPILATION OF MODULE MOTOR
OBJECT MODULE PLACED IN Motor.obj
COMPILER INVOKED BY: C:\Keil_v4\C51\BIN\C51.EXE Motor\Motor.c OPTIMIZE(0,SPEED) BROWSE INCDIR(.\ADC;.\Deja_vu;.\Global;.
                    -\interrupt;.\Main;.\Motor;.\PWM;.\Timer;.\USART;..\DC_motors;.\Task;.\Buzzer;.\LED) DEFINE(DEBUG) DEBUG OBJECTEXTEND PRI
                    -NT(.\Motor.lst) TABS(2) OBJECT(Motor.obj)

line level    source

   1          /******************** (C) COPYRIGHT 2018 陈苏阳 **********************************
   2          * File Name          :  Motor.c
   3          * Author             :  陈苏阳
   4          * CPU Type           :  STC15
   5          * IDE                :  IAR 8.22.1
   6          * Version            :  V1.0
   7          * Date               :  24/11/2018
   8          * Description        :  
   9          *******************************************************************************/
  10          
  11          
  12          
  13          
  14          /* Includes ------------------------------------------------------------------*/
  15          #include "Global.h"
  16          #include <Motor.h>
  17          #include "PWM.h"
  18          #include "stdio.h"
  19          
  20          /* Private variables ---------------------------------------------------------*/
  21          
  22          
  23          /* Private function prototypes -----------------------------------------------*/
  24          
  25          
  26          /* Private functions ---------------------------------------------------------*/
  27          
  28          
  29          /*******************************************************************************
  30          *                           陈苏阳@2018-11-24
  31          * Function Name  :  MotorL_setting_auto_dir
  32          * Description    :  设置左侧电机(自动判断方向)
  33          * Input          :  char speed          // 电机占空比,正数为前进,负数为后退
  34          * Output         :  None
  35          * Return         :  None
  36          *******************************************************************************/
  37          void MotorL_setting_auto_dir(char speed)       
  38          {
  39   1        uchar _speed;               // 速度临时变量 
  40   1        if (speed < 0)
  41   1        {
  42   2          // 后退
  43   2          IN1 = 0;
  44   2          IN2 = 1;
  45   2          
  46   2          // 在此做一个-100的限制
  47   2          if (speed < -100)
  48   2          {
  49   3              _speed = 100;
  50   3          }
  51   2          else
  52   2          {
  53   3              // 从负数变为正数
C51 COMPILER V9.54   MOTOR                                                                 11/25/2018 17:51:07 PAGE 2   

  54   3              _speed = -speed;
  55   3          }
  56   2        }
  57   1        else
  58   1        {
  59   2          // 在此做一个100的限制
  60   2          if (speed > 100)
  61   2          {
  62   3                _speed = 100;
  63   3          }
  64   2          else
  65   2          {
  66   3              // 正数就直接赋值
  67   3              _speed = speed;
  68   3          }
  69   2      
  70   2          // 前进
  71   2          IN1 = 1;
  72   2          IN2 = 0;
  73   2        }
  74   1      
  75   1        // 改变speed取值（1~100）改变占空比
  76   1        pwmL_setting(_speed);    
  77   1        
  78   1      }// End of void MotorL_setting_auto_dir(char speed)      
  79          
  80          
  81          
  82           /*******************************************************************************
  83           *                           陈苏阳@2018-11-24
  84           * Function Name  :  MotorR_setting_auto_dir
  85           * Description    :  设置左侧电机(自动判断方向)
  86           * Input          :  char speed          // 电机占空比,正数为前进,负数为后退
  87           * Output         :  None
  88           * Return         :  None
  89           *******************************************************************************/
  90          void MotorR_setting_auto_dir(char speed)       
  91          {
  92   1          uchar _speed;               // 速度临时变量
  93   1          if (speed < 0)
  94   1          {
  95   2              // 后退
  96   2              IN3 = 0;
  97   2              IN4 = 1;
  98   2      
  99   2              // 在此做一个-100的限制
 100   2              if (speed < -100)
 101   2              {
 102   3                  _speed = 100;
 103   3              }
 104   2              else
 105   2              {
 106   3                  // 从负数变为正数
 107   3                  _speed = -speed;
 108   3              }
 109   2          }
 110   1          else
 111   1          {
 112   2              // 在此做一个100的限制
 113   2              if (speed > 100)
 114   2              {
 115   3                  _speed = 100;
C51 COMPILER V9.54   MOTOR                                                                 11/25/2018 17:51:07 PAGE 3   

 116   3              }
 117   2              else
 118   2              {
 119   3                  // 正数就直接赋值
 120   3                  _speed = speed;
 121   3              }
 122   2      
 123   2              // 前进
 124   2              IN3 = 1;
 125   2              IN4 = 0;
 126   2          }
 127   1          // 改变speed取值（1~100）改变占空比
 128   1          pwmR_setting(_speed);
 129   1      
 130   1      }// End of void MotorR_setting_auto_dir(char speed) 
 131          
 132          
 133          /*******************************************************************************
 134          *                           陈苏阳@2018-11-24
 135          * Function Name  :  Motors_stop
 136          * Description    :  停车
 137          * Input          :  None
 138          * Output         :  None
 139          * Return         :  None
 140          *******************************************************************************/
 141          void Motors_stop(void)
 142          {   
 143   1          // 设置占空比为0
 144   1          pwmR_setting(0);
 145   1          pwmL_setting(0);
 146   1          IN1 = 0;
 147   1          IN2 = 0;
 148   1          IN3 = 0;
 149   1          IN4 = 0;
 150   1      }// End of void Motors_stop(void)
 151          


MODULE INFORMATION:   STATIC OVERLAYABLE
   CODE SIZE        =    147    ----
   CONSTANT SIZE    =   ----    ----
   XDATA SIZE       =   ----    ----
   PDATA SIZE       =   ----    ----
   DATA SIZE        =      4    ----
   IDATA SIZE       =   ----    ----
   BIT SIZE         =   ----    ----
END OF MODULE INFORMATION.


C51 COMPILATION COMPLETE.  0 WARNING(S),  0 ERROR(S)
