C51 COMPILER V9.54   TIMER                                                                 11/25/2018 07:37:23 PAGE 1   


C51 COMPILER V9.54, COMPILATION OF MODULE TIMER
OBJECT MODULE PLACED IN timer.obj
COMPILER INVOKED BY: C:\Keil_v4\C51\BIN\C51.EXE Timer\timer.c OPTIMIZE(3,SPEED) BROWSE INCDIR(.\ADC;.\Deja_vu;.\Global;.
                    -\interrupt;.\Main;.\Motor;.\PWM;.\Timer;.\USART;..\DC_motors;.\Task;.\Buzzer;.\LED) DEFINE(DEBUG) DEBUG OBJECTEXTEND PRI
                    -NT(.\timer.lst) TABS(2) OBJECT(timer.obj)

line level    source

   1          #include"GLOBAL.H"
   2          #include<TIMER.H>
   3          
   4          /***** 定时器函数 *****/
   5          
   6          void Timers_init(void)
   7          {
   8   1       AUXR &= ~(0x01 << AUXR_T0x12_POS);  //定时器0为12T模式
   9   1       //AUXR &= ~(0x01 << AUXR_T2x12_POS);  //定时器2为12T模式
  10   1      
  11   1       //23毫秒@33.1776MHz
  12   1       TH0 = 0x07;    //设置定时初值
  13   1       TL0 = 0x9a;    //设置定时初值
  14   1       TF0 = 0;       //清除TF0标志
  15   1        
  16   1       //1毫秒@33.1776MHz
  17   1       //T2H = 0x94;
  18   1       //T2L = 0x00;
  19   1        
  20   1       TR0 = 1;                       //定时器0开始计时
  21   1       //AUXR |= 0x01 << AUXR_T2R_POS;  //定时器2开始计时
  22   1      } 


MODULE INFORMATION:   STATIC OVERLAYABLE
   CODE SIZE        =     14    ----
   CONSTANT SIZE    =   ----    ----
   XDATA SIZE       =   ----    ----
   PDATA SIZE       =   ----    ----
   DATA SIZE        =   ----    ----
   IDATA SIZE       =   ----    ----
   BIT SIZE         =   ----    ----
END OF MODULE INFORMATION.


C51 COMPILATION COMPLETE.  0 WARNING(S),  0 ERROR(S)
