C51 COMPILER V9.59.0.0   USART                                                             11/23/2018 19:11:31 PAGE 1   


C51 COMPILER V9.59.0.0, COMPILATION OF MODULE USART
OBJECT MODULE PLACED IN USART.obj
COMPILER INVOKED BY: C:\Keil_v5\C51\BIN\C51.EXE USART\USART.c OPTIMIZE(8,SPEED) INCDIR(.\ADC;.\Deja_vu;.\Global;.\interr
                    -upt;.\Main;.\Motor;.\PWM;.\Timer;.\USART;..\DC_motors) DEBUG OBJECTEXTEND PRINT(.\USART.lst) TABS(2) OBJECT(USART.obj)

line level    source

   1          #include"GLOBAL.H"
   2          #include"USART.H"
   3          
   4          /*----------------------------
   5          初始化串口
   6          ----------------------------*/
   7          
   8          void Usart_init(void)  //115200bps@33.1776MHz
   9          {
  10   1          SCON = 0x50;                        //8位可变波特率
  11   1          AUXR |= 0x01 << AUXR_T1X12_POS;       //定时器1为1T模式
  12   1          AUXR &= ~(0x01 << AUXR_UART_M0X6_POS);//串口1为12分频
  13   1          AUXR &= ~(0x01 << AUXR_SIST2_POS);  // 串口1使用定时器1作为波特率发生器
  14   1      
  15   1          TMOD = 0x00;                //定时器1为模式0(16位自动重载)
  16   1          TL1 = (65536 - (FOSC/4/BAUD));   //设置波特率重装值
  17   1          TH1 = (65536 - (FOSC/4/BAUD))>>8;
  18   1          TR1 = 1;                    //定时器1开始启动
  19   1      }
  20          
  21          /*----------------------------
  22          发送串口数据
  23          ----------------------------*/
  24          void Data_sending(uchar dat)
  25          {
  26   1          while (busy);                    //等待前一个数据发送完成
  27   1          busy = 1;
  28   1          SBUF = dat;
  29   1      }
  30          
  31          
  32          /*----------------------------
  33          接收串口数据
  34          ----------------------------*/
  35          void Data_receiving(void)
  36          {
  37   1          while (busy);                    //等待前一个数据接收完成
  38   1          busy = 1;                         //清除接收标志
  39   1          receive = SBUF;                     //接收数据
  40   1      }
  41          /*----------------------------
  42          发送字符串
  43          ----------------------------*/
  44          void SendString(char *s)
  45          {
  46   1          while (*s)                  //检测字符串结束标志
  47   1          Data_sending(*s++);         //发送当前字符
  48   1      }


MODULE INFORMATION:   STATIC OVERLAYABLE
   CODE SIZE        =     78    ----
   CONSTANT SIZE    =   ----    ----
   XDATA SIZE       =   ----    ----
C51 COMPILER V9.59.0.0   USART                                                             11/23/2018 19:11:31 PAGE 2   

   PDATA SIZE       =   ----    ----
   DATA SIZE        =   ----       3
   IDATA SIZE       =   ----    ----
   BIT SIZE         =   ----    ----
END OF MODULE INFORMATION.


C51 COMPILATION COMPLETE.  0 WARNING(S),  0 ERROR(S)
